
> gmgp-clone@0.1.0 build
> next build

   ▲ Next.js 15.3.1
   - Environments: .env.local

   Creating an optimized production build ...
Failed to compile.

./src/app/globals.css.webpack[javascript/auto]!=!./node_modules/next/dist/build/webpack/loaders/css-loader/src/index.js??ruleSet[1].rules[13].oneOf[10].use[2]!./node_modules/next/dist/build/webpack/loaders/postcss-loader/src/index.js??ruleSet[1].rules[13].oneOf[10].use[3]!./src/app/globals.css
Error: Cannot find module 'tailwindcss'
Require stack:
- C:\Users\talha\OneDrive\Desktop\butcher shop\gmgp-clone\node_modules\next\dist\build\webpack\config\blocks\css\plugins.js
- C:\Users\talha\OneDrive\Desktop\butcher shop\gmgp-clone\node_modules\next\dist\build\webpack\config\blocks\css\index.js
- C:\Users\talha\OneDrive\Desktop\butcher shop\gmgp-clone\node_modules\next\dist\build\webpack\config\index.js
- C:\Users\talha\OneDrive\Desktop\butcher shop\gmgp-clone\node_modules\next\dist\build\webpack-config.js
- C:\Users\talha\OneDrive\Desktop\butcher shop\gmgp-clone\node_modules\next\dist\build\webpack-build\impl.js
- C:\Users\talha\OneDrive\Desktop\butcher shop\gmgp-clone\node_modules\next\dist\compiled\jest-worker\processChild.js
    at Module.<anonymous> (node:internal/modules/cjs/loader:1448:15)
    at C:\Users\talha\OneDrive\Desktop\butcher shop\gmgp-clone\node_modules\next\dist\server\require-hook.js:55:36
    at require.resolve (node:internal/modules/helpers:163:19)
    at loadPlugin (C:\Users\talha\OneDrive\Desktop\butcher shop\gmgp-clone\node_modules\next\dist\build\webpack\config\blocks\css\plugins.js:53:32)
    at C:\Users\talha\OneDrive\Desktop\butcher shop\gmgp-clone\node_modules\next\dist\build\webpack\config\blocks\css\plugins.js:185:56
    at Array.map (<anonymous>)
    at getPostCssPlugins (C:\Users\talha\OneDrive\Desktop\butcher shop\gmgp-clone\node_modules\next\dist\build\webpack\config\blocks\css\plugins.js:185:47)
    at async C:\Users\talha\OneDrive\Desktop\butcher shop\gmgp-clone\node_modules\next\dist\build\webpack\config\blocks\css\index.js:125:36
    at async C:\Users\talha\OneDrive\Desktop\butcher shop\gmgp-clone\node_modules\next\dist\build\webpack\loaders\postcss-loader\src\index.js:52:40
    at async Span.traceAsyncFn (C:\Users\talha\OneDrive\Desktop\butcher shop\gmgp-clone\node_modules\next\dist\trace\trace.js:157:20)

Import trace for requested module:
./src/app/globals.css.webpack[javascript/auto]!=!./node_modules/next/dist/build/webpack/loaders/css-loader/src/index.js??ruleSet[1].rules[13].oneOf[10].use[2]!./node_modules/next/dist/build/webpack/loaders/postcss-loader/src/index.js??ruleSet[1].rules[13].oneOf[10].use[3]!./src/app/globals.css
./src/app/globals.css

./src/app/globals.css
Error: Cannot find module 'tailwindcss'
Require stack:
- C:\Users\talha\OneDrive\Desktop\butcher shop\gmgp-clone\node_modules\next\dist\build\webpack\config\blocks\css\plugins.js
- C:\Users\talha\OneDrive\Desktop\butcher shop\gmgp-clone\node_modules\next\dist\build\webpack\config\blocks\css\index.js
- C:\Users\talha\OneDrive\Desktop\butcher shop\gmgp-clone\node_modules\next\dist\build\webpack\config\index.js
- C:\Users\talha\OneDrive\Desktop\butcher shop\gmgp-clone\node_modules\next\dist\build\webpack-config.js
- C:\Users\talha\OneDrive\Desktop\butcher shop\gmgp-clone\node_modules\next\dist\build\webpack-build\impl.js
- C:\Users\talha\OneDrive\Desktop\butcher shop\gmgp-clone\node_modules\next\dist\compiled\jest-worker\processChild.js
    at Module.<anonymous> (node:internal/modules/cjs/loader:1448:15)
    at C:\Users\talha\OneDrive\Desktop\butcher shop\gmgp-clone\node_modules\next\dist\server\require-hook.js:55:36
    at require.resolve (node:internal/modules/helpers:163:19)
    at loadPlugin (C:\Users\talha\OneDrive\Desktop\butcher shop\gmgp-clone\node_modules\next\dist\build\webpack\config\blocks\css\plugins.js:53:32)
    at C:\Users\talha\OneDrive\Desktop\butcher shop\gmgp-clone\node_modules\next\dist\build\webpack\config\blocks\css\plugins.js:185:56
    at Array.map (<anonymous>)
    at getPostCssPlugins (C:\Users\talha\OneDrive\Desktop\butcher shop\gmgp-clone\node_modules\next\dist\build\webpack\config\blocks\css\plugins.js:185:47)
    at async C:\Users\talha\OneDrive\Desktop\butcher shop\gmgp-clone\node_modules\next\dist\build\webpack\config\blocks\css\index.js:125:36
    at async C:\Users\talha\OneDrive\Desktop\butcher shop\gmgp-clone\node_modules\next\dist\build\webpack\loaders\postcss-loader\src\index.js:52:40
    at async Span.traceAsyncFn (C:\Users\talha\OneDrive\Desktop\butcher shop\gmgp-clone\node_modules\next\dist\trace\trace.js:157:20)
    at tryRunOrWebpackError (C:\Users\talha\OneDrive\Desktop\butcher shop\gmgp-clone\node_modules\next\dist\compiled\webpack\bundle5.js:29:316142)
    at __webpack_require_module__ (C:\Users\talha\OneDrive\Desktop\butcher shop\gmgp-clone\node_modules\next\dist\compiled\webpack\bundle5.js:29:131548)
    at __nested_webpack_require_161494__ (C:\Users\talha\OneDrive\Desktop\butcher shop\gmgp-clone\node_modules\next\dist\compiled\webpack\bundle5.js:29:130983)
    at C:\Users\talha\OneDrive\Desktop\butcher shop\gmgp-clone\node_modules\next\dist\compiled\webpack\bundle5.js:29:131840
    at symbolIterator (C:\Users\talha\OneDrive\Desktop\butcher shop\gmgp-clone\node_modules\next\dist\compiled\neo-async\async.js:1:14444)
    at done (C:\Users\talha\OneDrive\Desktop\butcher shop\gmgp-clone\node_modules\next\dist\compiled\neo-async\async.js:1:14824)
    at Hook.eval [as callAsync] (eval at create (C:\Users\talha\OneDrive\Desktop\butcher shop\gmgp-clone\node_modules\next\dist\compiled\webpack\bundle5.js:14:9224), <anonymous>:15:1)
    at Hook.CALL_ASYNC_DELEGATE [as _callAsync] (C:\Users\talha\OneDrive\Desktop\butcher shop\gmgp-clone\node_modules\next\dist\compiled\webpack\bundle5.js:14:6378)
    at C:\Users\talha\OneDrive\Desktop\butcher shop\gmgp-clone\node_modules\next\dist\compiled\webpack\bundle5.js:29:130703
    at symbolIterator (C:\Users\talha\OneDrive\Desktop\butcher shop\gmgp-clone\node_modules\next\dist\compiled\neo-async\async.js:1:14402)
-- inner error --
Error: Cannot find module 'tailwindcss'
Require stack:
- C:\Users\talha\OneDrive\Desktop\butcher shop\gmgp-clone\node_modules\next\dist\build\webpack\config\blocks\css\plugins.js
- C:\Users\talha\OneDrive\Desktop\butcher shop\gmgp-clone\node_modules\next\dist\build\webpack\config\blocks\css\index.js
- C:\Users\talha\OneDrive\Desktop\butcher shop\gmgp-clone\node_modules\next\dist\build\webpack\config\index.js
- C:\Users\talha\OneDrive\Desktop\butcher shop\gmgp-clone\node_modules\next\dist\build\webpack-config.js
- C:\Users\talha\OneDrive\Desktop\butcher shop\gmgp-clone\node_modules\next\dist\build\webpack-build\impl.js
- C:\Users\talha\OneDrive\Desktop\butcher shop\gmgp-clone\node_modules\next\dist\compiled\jest-worker\processChild.js
    at Module.<anonymous> (node:internal/modules/cjs/loader:1448:15)
    at C:\Users\talha\OneDrive\Desktop\butcher shop\gmgp-clone\node_modules\next\dist\server\require-hook.js:55:36
    at require.resolve (node:internal/modules/helpers:163:19)
    at loadPlugin (C:\Users\talha\OneDrive\Desktop\butcher shop\gmgp-clone\node_modules\next\dist\build\webpack\config\blocks\css\plugins.js:53:32)
    at C:\Users\talha\OneDrive\Desktop\butcher shop\gmgp-clone\node_modules\next\dist\build\webpack\config\blocks\css\plugins.js:185:56
    at Array.map (<anonymous>)
    at getPostCssPlugins (C:\Users\talha\OneDrive\Desktop\butcher shop\gmgp-clone\node_modules\next\dist\build\webpack\config\blocks\css\plugins.js:185:47)
    at async C:\Users\talha\OneDrive\Desktop\butcher shop\gmgp-clone\node_modules\next\dist\build\webpack\config\blocks\css\index.js:125:36
    at async C:\Users\talha\OneDrive\Desktop\butcher shop\gmgp-clone\node_modules\next\dist\build\webpack\loaders\postcss-loader\src\index.js:52:40
    at async Span.traceAsyncFn (C:\Users\talha\OneDrive\Desktop\butcher shop\gmgp-clone\node_modules\next\dist\trace\trace.js:157:20)
    at Object.<anonymous> (C:\Users\talha\OneDrive\Desktop\butcher shop\gmgp-clone\node_modules\next\dist\build\webpack\loaders\css-loader\src\index.js??ruleSet[1].rules[13].oneOf[10].use[2]!C:\Users\talha\OneDrive\Desktop\butcher shop\gmgp-clone\node_modules\next\dist\build\webpack\loaders\postcss-loader\src\index.js??ruleSet[1].rules[13].oneOf[10].use[3]!C:\Users\talha\OneDrive\Desktop\butcher shop\gmgp-clone\src\app\globals.css:1:7)
    at C:\Users\talha\OneDrive\Desktop\butcher shop\gmgp-clone\node_modules\next\dist\compiled\webpack\bundle5.js:29:962742
    at Hook.eval [as call] (eval at create (C:\Users\talha\OneDrive\Desktop\butcher shop\gmgp-clone\node_modules\next\dist\compiled\webpack\bundle5.js:14:9002), <anonymous>:7:1)
    at Hook.CALL_DELEGATE [as _call] (C:\Users\talha\OneDrive\Desktop\butcher shop\gmgp-clone\node_modules\next\dist\compiled\webpack\bundle5.js:14:6272)
    at C:\Users\talha\OneDrive\Desktop\butcher shop\gmgp-clone\node_modules\next\dist\compiled\webpack\bundle5.js:29:131581
    at tryRunOrWebpackError (C:\Users\talha\OneDrive\Desktop\butcher shop\gmgp-clone\node_modules\next\dist\compiled\webpack\bundle5.js:29:316096)
    at __webpack_require_module__ (C:\Users\talha\OneDrive\Desktop\butcher shop\gmgp-clone\node_modules\next\dist\compiled\webpack\bundle5.js:29:131548)
    at __nested_webpack_require_161494__ (C:\Users\talha\OneDrive\Desktop\butcher shop\gmgp-clone\node_modules\next\dist\compiled\webpack\bundle5.js:29:130983)
    at C:\Users\talha\OneDrive\Desktop\butcher shop\gmgp-clone\node_modules\next\dist\compiled\webpack\bundle5.js:29:131840
    at symbolIterator (C:\Users\talha\OneDrive\Desktop\butcher shop\gmgp-clone\node_modules\next\dist\compiled\neo-async\async.js:1:14444)

Generated code for C:\Users\talha\OneDrive\Desktop\butcher shop\gmgp-clone\node_modules\next\dist\build\webpack\loaders\css-loader\src\index.js??ruleSet[1].rules[13].oneOf[10].use[2]!C:\Users\talha\OneDrive\Desktop\butcher shop\gmgp-clone\node_modules\next\dist\build\webpack\loaders\postcss-loader\src\index.js??ruleSet[1].rules[13].oneOf[10].use[3]!C:\Users\talha\OneDrive\Desktop\butcher shop\gmgp-clone\src\app\globals.css

Import trace for requested module:
./src/app/globals.css


> Build failed because of webpack errors
